odoo_jsonrpc/example_saleapp/build/app/intermediates/manifest_merge_blame_file/debug/manifest-merger-blame-debug-report.txt
1<?xml version="1.0" encoding="utf-8"?>
2<manifest xmlns:android="http://schemas.android.com/apk/res/android"
3    package="com.example.example_saleapp"
4    android:versionCode="1"
5    android:versionName="1.0.0" >
6
7    <uses-sdk
8        android:minSdkVersion="21"
9        android:targetSdkVersion="34" />
10    <!--
11         The INTERNET permission is required for development. Specifically,
12         the Flutter tool needs it to communicate with the running application
13         to allow setting breakpoints, to provide hot reload, etc.
14    -->
15    <uses-permission android:name="android.permission.INTERNET" />
15-->src/main/AndroidManifest.xml:8:5-67
15-->src/main/AndroidManifest.xml:8:22-64
16
17    <uses-feature
17-->src/main/AndroidManifest.xml:3:5-5:36
18        android:name="android.hardware.camera"
18-->src/main/AndroidManifest.xml:4:9-47
19        android:required="false" />
19-->src/main/AndroidManifest.xml:5:9-33
20
21    <uses-permission android:name="android.permission.USE_BIOMETRIC" />
21-->src/main/AndroidManifest.xml:7:5-71
21-->src/main/AndroidManifest.xml:7:22-69
22    <uses-permission android:name="android.permission.READ_EXTERNAL_STORAGE" />
22-->src/main/AndroidManifest.xml:9:5-79
22-->src/main/AndroidManifest.xml:9:22-77
23    <uses-permission android:name="android.permission.WRITE_EXTERNAL_STORAGE" />
23-->src/main/AndroidManifest.xml:10:5-80
23-->src/main/AndroidManifest.xml:10:22-78
24    <uses-permission android:name="android.permission.CAMERA" />
24-->src/main/AndroidManifest.xml:11:5-64
24-->src/main/AndroidManifest.xml:11:22-62
25    <!--
26 Required to query activities that can process text, see:
27         https://developer.android.com/training/package-visibility?hl=en and
28         https://developer.android.com/reference/android/content/Intent#ACTION_PROCESS_TEXT.
29
30         In particular, this is used by the Flutter engine in io.flutter.plugin.text.ProcessTextPlugin.
31    -->
32    <queries>
32-->src/main/AndroidManifest.xml:51:5-56:15
33        <intent>
33-->src/main/AndroidManifest.xml:52:9-55:18
34            <action android:name="android.intent.action.PROCESS_TEXT" />
34-->src/main/AndroidManifest.xml:53:13-72
34-->src/main/AndroidManifest.xml:53:21-70
35
36            <data android:mimeType="text/plain" />
36-->src/main/AndroidManifest.xml:54:13-50
36-->src/main/AndroidManifest.xml:54:19-48
37        </intent>
38        <intent>
38-->[:flutter_inappwebview_android] AndroidManifest.xml:8:9-10:18
39            <action android:name="android.support.customtabs.action.CustomTabsService" />
39-->[:flutter_inappwebview_android] AndroidManifest.xml:9:13-90
39-->[:flutter_inappwebview_android] AndroidManifest.xml:9:21-87
40        </intent>
41        <intent>
41-->[:file_picker] AndroidManifest.xml:8:9-12:18
42            <action android:name="android.intent.action.GET_CONTENT" />
42-->[:file_picker] AndroidManifest.xml:9:13-72
42-->[:file_picker] AndroidManifest.xml:9:21-69
43
44            <data android:mimeType="*/*" />
44-->src/main/AndroidManifest.xml:54:13-50
44-->src/main/AndroidManifest.xml:54:19-48
45        </intent>
46    </queries> <!-- suppress DeprecatedClassUsageInspection -->
47    <uses-permission android:name="android.permission.USE_FINGERPRINT" />
47-->[androidx.biometric:biometric:1.1.0] AndroidManifest.xml:27:5-74
47-->[androidx.biometric:biometric:1.1.0] AndroidManifest.xml:27:22-71
48
49    <permission
49-->[androidx.core:core:1.13.1] AndroidManifest.xml:22:5-24:47
50        android:name="com.example.example_saleapp.DYNAMIC_RECEIVER_NOT_EXPORTED_PERMISSION"
50-->[androidx.core:core:1.13.1] AndroidManifest.xml:23:9-81
51        android:protectionLevel="signature" />
51-->[androidx.core:core:1.13.1] AndroidManifest.xml:24:9-44
52
53    <uses-permission android:name="com.example.example_saleapp.DYNAMIC_RECEIVER_NOT_EXPORTED_PERMISSION" />
53-->[androidx.core:core:1.13.1] AndroidManifest.xml:26:5-97
53-->[androidx.core:core:1.13.1] AndroidManifest.xml:26:22-94
54
55    <application
56        android:name="android.app.Application"
57        android:appComponentFactory="androidx.core.app.CoreComponentFactory"
57-->[androidx.core:core:1.13.1] AndroidManifest.xml:28:18-86
58        android:debuggable="true"
59        android:extractNativeLibs="true"
60        android:icon="@mipmap/ic_launcher"
61        android:label="example_saleapp" >
62        <activity
63            android:name="com.example.example_saleapp.MainActivity"
64            android:configChanges="orientation|keyboardHidden|keyboard|screenSize|smallestScreenSize|locale|layoutDirection|fontScale|screenLayout|density|uiMode"
65            android:exported="true"
66            android:hardwareAccelerated="true"
67            android:launchMode="singleTop"
68            android:theme="@style/LaunchTheme"
69            android:windowSoftInputMode="adjustResize" >
70
71            <!--
72                 Specifies an Android theme to apply to this Activity as soon as
73                 the Android process has started. This theme is visible to the user
74                 while the Flutter UI initializes. After that, this theme continues
75                 to determine the Window background behind the Flutter UI.
76            -->
77            <meta-data
78                android:name="io.flutter.embedding.android.NormalTheme"
79                android:resource="@style/NormalTheme" />
80            <meta-data
81                android:name="io.flutter.embedding.android.SplashScreenDrawable"
82                android:resource="@drawable/launch_background" />
83
84            <intent-filter>
85                <action android:name="android.intent.action.MAIN" />
86
87                <category android:name="android.intent.category.LAUNCHER" />
88            </intent-filter>
89        </activity>
90        <!--
91             Don't delete the meta-data below.
92             This is used by the Flutter tool to generate GeneratedPluginRegistrant.java
93        -->
94        <meta-data
95            android:name="flutterEmbedding"
96            android:value="2" />
97
98        <activity
98-->[:flutter_inappwebview_android] AndroidManifest.xml:14:9-18:47
99            android:name="com.pichillilorenzo.flutter_inappwebview_android.in_app_browser.InAppBrowserActivity"
99-->[:flutter_inappwebview_android] AndroidManifest.xml:15:13-112
100            android:configChanges="orientation|keyboardHidden|keyboard|screenSize|locale|layoutDirection|fontScale|screenLayout|density"
100-->[:flutter_inappwebview_android] AndroidManifest.xml:16:13-137
101            android:exported="false"
101-->[:flutter_inappwebview_android] AndroidManifest.xml:17:13-37
102            android:theme="@style/AppTheme" />
102-->[:flutter_inappwebview_android] AndroidManifest.xml:18:13-44
103        <activity
103-->[:flutter_inappwebview_android] AndroidManifest.xml:19:9-22:55
104            android:name="com.pichillilorenzo.flutter_inappwebview_android.chrome_custom_tabs.ChromeCustomTabsActivity"
104-->[:flutter_inappwebview_android] AndroidManifest.xml:20:13-120
105            android:exported="false"
105-->[:flutter_inappwebview_android] AndroidManifest.xml:21:13-37
106            android:theme="@style/ThemeTransparent" />
106-->[:flutter_inappwebview_android] AndroidManifest.xml:22:13-52
107        <activity
107-->[:flutter_inappwebview_android] AndroidManifest.xml:23:9-26:55
108            android:name="com.pichillilorenzo.flutter_inappwebview_android.chrome_custom_tabs.TrustedWebActivity"
108-->[:flutter_inappwebview_android] AndroidManifest.xml:24:13-114
109            android:exported="false"
109-->[:flutter_inappwebview_android] AndroidManifest.xml:25:13-37
110            android:theme="@style/ThemeTransparent" />
110-->[:flutter_inappwebview_android] AndroidManifest.xml:26:13-52
111        <activity
111-->[:flutter_inappwebview_android] AndroidManifest.xml:27:9-31:55
112            android:name="com.pichillilorenzo.flutter_inappwebview_android.chrome_custom_tabs.ChromeCustomTabsActivitySingleInstance"
112-->[:flutter_inappwebview_android] AndroidManifest.xml:28:13-134
113            android:exported="false"
113-->[:flutter_inappwebview_android] AndroidManifest.xml:29:13-37
114            android:launchMode="singleInstance"
114-->[:flutter_inappwebview_android] AndroidManifest.xml:30:13-48
115            android:theme="@style/ThemeTransparent" />
115-->[:flutter_inappwebview_android] AndroidManifest.xml:31:13-52
116        <activity
116-->[:flutter_inappwebview_android] AndroidManifest.xml:32:9-36:55
117            android:name="com.pichillilorenzo.flutter_inappwebview_android.chrome_custom_tabs.TrustedWebActivitySingleInstance"
117-->[:flutter_inappwebview_android] AndroidManifest.xml:33:13-128
118            android:exported="false"
118-->[:flutter_inappwebview_android] AndroidManifest.xml:34:13-37
119            android:launchMode="singleInstance"
119-->[:flutter_inappwebview_android] AndroidManifest.xml:35:13-48
120            android:theme="@style/ThemeTransparent" />
120-->[:flutter_inappwebview_android] AndroidManifest.xml:36:13-52
121
122        <receiver
122-->[:flutter_inappwebview_android] AndroidManifest.xml:38:9-41:40
123            android:name="com.pichillilorenzo.flutter_inappwebview_android.chrome_custom_tabs.ActionBroadcastReceiver"
123-->[:flutter_inappwebview_android] AndroidManifest.xml:39:13-119
124            android:enabled="true"
124-->[:flutter_inappwebview_android] AndroidManifest.xml:40:13-35
125            android:exported="false" />
125-->[:flutter_inappwebview_android] AndroidManifest.xml:41:13-37
126
127        <meta-data
127-->[:flutter_inappwebview_android] AndroidManifest.xml:43:9-45:36
128            android:name="io.flutter.embedded_views_preview"
128-->[:flutter_inappwebview_android] AndroidManifest.xml:44:13-61
129            android:value="true" />
129-->[:flutter_inappwebview_android] AndroidManifest.xml:45:13-33
130
131        <provider
131-->[:image_picker_android] AndroidManifest.xml:9:9-17:20
132            android:name="io.flutter.plugins.imagepicker.ImagePickerFileProvider"
132-->[:image_picker_android] AndroidManifest.xml:10:13-82
133            android:authorities="com.example.example_saleapp.flutter.image_provider"
133-->[:image_picker_android] AndroidManifest.xml:11:13-74
134            android:exported="false"
134-->[:image_picker_android] AndroidManifest.xml:12:13-37
135            android:grantUriPermissions="true" >
135-->[:image_picker_android] AndroidManifest.xml:13:13-47
136            <meta-data
136-->[:image_picker_android] AndroidManifest.xml:14:13-16:75
137                android:name="android.support.FILE_PROVIDER_PATHS"
137-->[:image_picker_android] AndroidManifest.xml:15:17-67
138                android:resource="@xml/flutter_image_picker_file_paths" />
138-->[:image_picker_android] AndroidManifest.xml:16:17-72
139        </provider> <!-- Trigger Google Play services to install the backported photo picker module. -->
140        <service
140-->[:image_picker_android] AndroidManifest.xml:19:9-31:19
141            android:name="com.google.android.gms.metadata.ModuleDependencies"
141-->[:image_picker_android] AndroidManifest.xml:20:13-78
142            android:enabled="false"
142-->[:image_picker_android] AndroidManifest.xml:21:13-36
143            android:exported="false" >
143-->[:image_picker_android] AndroidManifest.xml:22:13-37
144            <intent-filter>
144-->[:image_picker_android] AndroidManifest.xml:24:13-26:29
145                <action android:name="com.google.android.gms.metadata.MODULE_DEPENDENCIES" />
145-->[:image_picker_android] AndroidManifest.xml:25:17-94
145-->[:image_picker_android] AndroidManifest.xml:25:25-91
146            </intent-filter>
147
148            <meta-data
148-->[:image_picker_android] AndroidManifest.xml:28:13-30:36
149                android:name="photopicker_activity:0:required"
149-->[:image_picker_android] AndroidManifest.xml:29:17-63
150                android:value="" />
150-->[:image_picker_android] AndroidManifest.xml:30:17-33
151        </service>
152
153        <activity
153-->[:url_launcher_android] AndroidManifest.xml:8:9-11:74
154            android:name="io.flutter.plugins.urllauncher.WebViewActivity"
154-->[:url_launcher_android] AndroidManifest.xml:9:13-74
155            android:exported="false"
155-->[:url_launcher_android] AndroidManifest.xml:10:13-37
156            android:theme="@android:style/Theme.NoTitleBar.Fullscreen" />
156-->[:url_launcher_android] AndroidManifest.xml:11:13-71
157
158        <uses-library
158-->[androidx.window:window:1.2.0] AndroidManifest.xml:23:9-25:40
159            android:name="androidx.window.extensions"
159-->[androidx.window:window:1.2.0] AndroidManifest.xml:24:13-54
160            android:required="false" />
160-->[androidx.window:window:1.2.0] AndroidManifest.xml:25:13-37
161        <uses-library
161-->[androidx.window:window:1.2.0] AndroidManifest.xml:26:9-28:40
162            android:name="androidx.window.sidecar"
162-->[androidx.window:window:1.2.0] AndroidManifest.xml:27:13-51
163            android:required="false" />
163-->[androidx.window:window:1.2.0] AndroidManifest.xml:28:13-37
164
165        <provider
165-->[androidx.emoji2:emoji2:1.2.0] AndroidManifest.xml:24:9-32:20
166            android:name="androidx.startup.InitializationProvider"
166-->[androidx.emoji2:emoji2:1.2.0] AndroidManifest.xml:25:13-67
167            android:authorities="com.example.example_saleapp.androidx-startup"
167-->[androidx.emoji2:emoji2:1.2.0] AndroidManifest.xml:26:13-68
168            android:exported="false" >
168-->[androidx.emoji2:emoji2:1.2.0] AndroidManifest.xml:27:13-37
169            <meta-data
169-->[androidx.emoji2:emoji2:1.2.0] AndroidManifest.xml:29:13-31:52
170                android:name="androidx.emoji2.text.EmojiCompatInitializer"
170-->[androidx.emoji2:emoji2:1.2.0] AndroidManifest.xml:30:17-75
171                android:value="androidx.startup" />
171-->[androidx.emoji2:emoji2:1.2.0] AndroidManifest.xml:31:17-49
172            <meta-data
172-->[androidx.lifecycle:lifecycle-process:2.7.0] AndroidManifest.xml:29:13-31:52
173                android:name="androidx.lifecycle.ProcessLifecycleInitializer"
173-->[androidx.lifecycle:lifecycle-process:2.7.0] AndroidManifest.xml:30:17-78
174                android:value="androidx.startup" />
174-->[androidx.lifecycle:lifecycle-process:2.7.0] AndroidManifest.xml:31:17-49
175            <meta-data
175-->[androidx.profileinstaller:profileinstaller:1.3.1] AndroidManifest.xml:29:13-31:52
176                android:name="androidx.profileinstaller.ProfileInstallerInitializer"
176-->[androidx.profileinstaller:profileinstaller:1.3.1] AndroidManifest.xml:30:17-85
177                android:value="androidx.startup" />
177-->[androidx.profileinstaller:profileinstaller:1.3.1] AndroidManifest.xml:31:17-49
178        </provider>
179
180        <receiver
180-->[androidx.profileinstaller:profileinstaller:1.3.1] AndroidManifest.xml:34:9-52:20
181            android:name="androidx.profileinstaller.ProfileInstallReceiver"
181-->[androidx.profileinstaller:profileinstaller:1.3.1] AndroidManifest.xml:35:13-76
182            android:directBootAware="false"
182-->[androidx.profileinstaller:profileinstaller:1.3.1] AndroidManifest.xml:36:13-44
183            android:enabled="true"
183-->[androidx.profileinstaller:profileinstaller:1.3.1] AndroidManifest.xml:37:13-35
184            android:exported="true"
184-->[androidx.profileinstaller:profileinstaller:1.3.1] AndroidManifest.xml:38:13-36
185            android:permission="android.permission.DUMP" >
185-->[androidx.profileinstaller:profileinstaller:1.3.1] AndroidManifest.xml:39:13-57
186            <intent-filter>
186-->[androidx.profileinstaller:profileinstaller:1.3.1] AndroidManifest.xml:40:13-42:29
187                <action android:name="androidx.profileinstaller.action.INSTALL_PROFILE" />
187-->[androidx.profileinstaller:profileinstaller:1.3.1] AndroidManifest.xml:41:17-91
187-->[androidx.profileinstaller:profileinstaller:1.3.1] AndroidManifest.xml:41:25-88
188            </intent-filter>
189            <intent-filter>
189-->[androidx.profileinstaller:profileinstaller:1.3.1] AndroidManifest.xml:43:13-45:29
190                <action android:name="androidx.profileinstaller.action.SKIP_FILE" />
190-->[androidx.profileinstaller:profileinstaller:1.3.1] AndroidManifest.xml:44:17-85
190-->[androidx.profileinstaller:profileinstaller:1.3.1] AndroidManifest.xml:44:25-82
191            </intent-filter>
192            <intent-filter>
192-->[androidx.profileinstaller:profileinstaller:1.3.1] AndroidManifest.xml:46:13-48:29
193                <action android:name="androidx.profileinstaller.action.SAVE_PROFILE" />
193-->[androidx.profileinstaller:profileinstaller:1.3.1] AndroidManifest.xml:47:17-88
193-->[androidx.profileinstaller:profileinstaller:1.3.1] AndroidManifest.xml:47:25-85
194            </intent-filter>
195            <intent-filter>
195-->[androidx.profileinstaller:profileinstaller:1.3.1] AndroidManifest.xml:49:13-51:29
196                <action android:name="androidx.profileinstaller.action.BENCHMARK_OPERATION" />
196-->[androidx.profileinstaller:profileinstaller:1.3.1] AndroidManifest.xml:50:17-95
196-->[androidx.profileinstaller:profileinstaller:1.3.1] AndroidManifest.xml:50:25-92
197            </intent-filter>
198        </receiver>
199    </application>
200
201</manifest>